<?xml version="1.0" encoding="UTF-8"?>
<!-- Generated by org.testng.reporters.JUnitReportReporter -->
<testsuite skipped="0" hostname="sravani-ThinkPad-L480" name="selenium.Assignment3" tests="1" failures="0" timestamp="2019-09-24T22:09:07 IST" time="8.827" errors="0">
  <testcase name="filpkart" time="8.827" classname="selenium.Assignment3"/>
</testsuite> <!-- selenium.Assignment3 -->
