<?xml version="1.0" encoding="UTF-8"?>
<!-- Generated by org.testng.reporters.JUnitReportReporter -->
<testsuite skipped="0" hostname="sravani-ThinkPad-L480" name="selenium.Assignment4" tests="1" failures="0" timestamp="2019-09-25T16:18:50 IST" time="11.772" errors="0">
  <testcase name="ebay" time="11.772" classname="selenium.Assignment4"/>
</testsuite> <!-- selenium.Assignment4 -->
