<?xml version="1.0" encoding="UTF-8"?>
<!-- Generated by org.testng.reporters.JUnitReportReporter -->
<testsuite skipped="0" hostname="sravani-ThinkPad-L480" name="selenium.Challenge2_5" tests="1" failures="0" timestamp="2019-11-10T20:10:42 IST" time="21.768" errors="0">
  <testcase name="bannerSlider" time="21.768" classname="selenium.Challenge2_5"/>
</testsuite> <!-- selenium.Challenge2_5 -->
