<?xml version="1.0" encoding="UTF-8"?>
<!-- Generated by org.testng.reporters.JUnitReportReporter -->
<testsuite skipped="0" hostname="sravani-ThinkPad-L480" name="selenium.Task1" tests="1" failures="0" timestamp="2019-10-15T12:33:53 IST" time="10.923" errors="0">
  <testcase name="task1" time="10.923" classname="selenium.Task1"/>
</testsuite> <!-- selenium.Task1 -->
