<?xml version="1.0" encoding="UTF-8"?>
<!-- Generated by org.testng.reporters.JUnitReportReporter -->
<testsuite skipped="0" hostname="sravani-ThinkPad-L480" name="selenium.Challenge2_4" tests="1" failures="0" timestamp="2019-11-04T15:57:21 IST" time="31.986" errors="0">
  <testcase name="retrivingCompanyNames" time="31.986" classname="selenium.Challenge2_4"/>
</testsuite> <!-- selenium.Challenge2_4 -->
