<?xml version="1.0" encoding="UTF-8"?>
<!-- Generated by org.testng.reporters.JUnitReportReporter -->
<testsuite skipped="0" hostname="sravani-ThinkPad-L480" name="selenium.Challenge2_3" tests="1" failures="0" timestamp="2019-11-04T15:56:04 IST" time="8.776" errors="0">
  <testcase name="searchAction" time="8.776" classname="selenium.Challenge2_3"/>
</testsuite> <!-- selenium.Challenge2_3 -->
