<?xml version="1.0" encoding="UTF-8"?>
<!-- Generated by org.testng.reporters.JUnitReportReporter -->
<testsuite skipped="0" hostname="sravani-ThinkPad-L480" name="selenium.AjayAssignment" tests="1" failures="0" timestamp="2019-10-11T09:25:06 IST" time="9.731" errors="0">
  <testcase name="task1" time="9.731" classname="selenium.AjayAssignment"/>
</testsuite> <!-- selenium.AjayAssignment -->
