<?xml version="1.0" encoding="UTF-8"?>
<!-- Generated by org.testng.reporters.JUnitReportReporter -->
<testsuite skipped="0" hostname="sravani-ThinkPad-L480" name="selenium.Assignment2" tests="1" failures="0" timestamp="2019-09-24T10:42:37 IST" time="11.248" errors="0">
  <testcase name="facebookLogin" time="11.248" classname="selenium.Assignment2"/>
</testsuite> <!-- selenium.Assignment2 -->
