<?xml version="1.0" encoding="UTF-8"?>
<!-- Generated by org.testng.reporters.JUnitReportReporter -->
<testsuite skipped="0" hostname="sravani-ThinkPad-L480" name="selenium.Assignment9" tests="1" failures="0" timestamp="2019-09-24T22:01:18 IST" time="9.111" errors="0">
  <testcase name="gmail" time="9.111" classname="selenium.Assignment9"/>
</testsuite> <!-- selenium.Assignment9 -->
