<?xml version="1.0" encoding="UTF-8"?>
<!-- Generated by org.testng.reporters.JUnitReportReporter -->
<testsuite skipped="0" hostname="sravani-ThinkPad-L480" name="selenium.Sample" tests="2" failures="0" timestamp="2019-09-19T18:31:30 IST" time="10.539" errors="0">
  <testcase name="login" time="8.471" classname="selenium.Sample"/>
  <testcase name="admin" time="2.068" classname="selenium.Sample"/>
</testsuite> <!-- selenium.Sample -->
